-------------------------------------------------------------------------------
Test set: com.portfolio.jma.JmaApplicationTests
-------------------------------------------------------------------------------
Tests run: 1, Failures: 0, Errors: 1, Skipped: 0, Time elapsed: 5.898 s <<< FAILURE! - in com.portfolio.jma.JmaApplicationTests
contextLoads  Time elapsed: 0.003 s  <<< ERROR!
java.lang.IllegalStateException: Failed to load ApplicationContext
Caused by: org.springframework.beans.factory.UnsatisfiedDependencyException: Error creating bean with name 'CExperiencia': Unsatisfied dependency expressed through field 'sExperiencia'; nested exception is org.springframework.beans.factory.UnsatisfiedDependencyException: Error creating bean with name 'SExperiencia': Unsatisfied dependency expressed through field 'rExperiencia'; nested exception is org.springframework.beans.factory.BeanCreationException: Error creating bean with name 'RExperiencia' defined in com.portfolio.jma.Repository.RExperiencia defined in @EnableJpaRepositories declared on JpaRepositoriesRegistrar.EnableJpaRepositoriesConfiguration: Invocation of init method failed; nested exception is java.lang.IllegalArgumentException: Not a managed type: class com.portfolio.jma.Entity.Experiencia
Caused by: org.springframework.beans.factory.UnsatisfiedDependencyException: Error creating bean with name 'SExperiencia': Unsatisfied dependency expressed through field 'rExperiencia'; nested exception is org.springframework.beans.factory.BeanCreationException: Error creating bean with name 'RExperiencia' defined in com.portfolio.jma.Repository.RExperiencia defined in @EnableJpaRepositories declared on JpaRepositoriesRegistrar.EnableJpaRepositoriesConfiguration: Invocation of init method failed; nested exception is java.lang.IllegalArgumentException: Not a managed type: class com.portfolio.jma.Entity.Experiencia
Caused by: org.springframework.beans.factory.BeanCreationException: Error creating bean with name 'RExperiencia' defined in com.portfolio.jma.Repository.RExperiencia defined in @EnableJpaRepositories declared on JpaRepositoriesRegistrar.EnableJpaRepositoriesConfiguration: Invocation of init method failed; nested exception is java.lang.IllegalArgumentException: Not a managed type: class com.portfolio.jma.Entity.Experiencia
Caused by: java.lang.IllegalArgumentException: Not a managed type: class com.portfolio.jma.Entity.Experiencia

